47430536
47430088
47333512
42446031
47331430
47895187
42444904
43828243
45663312
47429771
43896251
47333964
47333205
47895515
47895608
42447275
47895909
47332757
47669998
42898189
43896186
43828420
47204316
43896083
47331408
42445718
47204505
47429750
47331587
47333973
42445802
47429860
47333785
47334469
42898586
47895900
42445997
47669978
43828307
47204271
47333168
48458556
47333104
45261507
42898236
47430924
42899422
47332177
47334151
47333164
47670100
47332808
42447307
47895231
45662826
47331770
47334767
47430525
47332480
45261395
47430262
47429939
47331144
42445100
42444716
43649762
47430280
47204861
47332311
47333122
47334004
42897798
47332015
47430543
42447214
48458703
47331945
42899657
47331396
44358340
47334074
47670269
47331615
47670038
48458675
45662870
44358634
42444762
42445494
47334165
43896260
45662905
47334493
42898754
48018776
43896176
47334158
43649480
42444709
47431169
47115276
47115573
47332046
47334055
47331187
44796584
47332764
42445454
48018506
47331273
47334037
47333133
42899489
42898526
47333876
47895491
47333222
43649597
47331039
43649384
42899210
45662882
43828149
43828345
47429764
42445775
47670323
47331020
47333115
47115501
42897422
47204734
48018106
43828366
47429883
47430722
47333565
43828138
44796562
47115260
47670184
47430785
47430696
47333243
47331220
45261485
42445692
47430636
42897418
42898405
47334666
47332986
43828390
48458282
48018632
47334627
42444574
48018808
42444514
44796473
42897675
48018420
44796750
47333153
47331762
47430839
43649613
47895285
42445916
47332946
48018311
47331211
43896024
42898470
47334539
44358324
47331707
43649421
47334643
42446445
44358460
42897890
45261275
42898551
42897990
42897595
48017890
47430731
42898340
47334193
47670044
47331378
47895219
47333623
42444519
42446131
47332817
48018328
45261339
47430646
43649707
42898506
47332833
42899132
47333670
48458259
47429736
43828360
43649680
47670311
45261080
48018746
42898738
47429756
47204335
43896321
47204289
47333281
47332705
47204757
47334544
47334459
42899118
47332152
47429961
42445931
42444873
47429682
47332400
42444821
42897930
42899175
48018512
45261201
47334267
45261452
47334608
47669939
47331355
47334487
47333888
47332201
47430822
47669959
47331173
47331251
47895446
44796214
44358700
47115624
48018095
47430944
47333264
47430590
42897478
44796481
47895478
47895633
43649654
45663007
47331911
42898120
45662959
42897509
42899550
44358289
42446558
43828380
44796252
47895622
48018451
47670149
47331048
44796730
47430127
42445198
43828323
47115442
45261681
47204830
42446074
48018693
47334066
47895859
42446576
44796358
47115174
48018249
47429725
47670063
47670168
42899977
45663347
47334712
47669874
43649732
47115118
45261406
47334728
47204780
45662950
45663044
47204724
47430074
44358274
42447216
47332409
47429870
47332526
47333610
47204850
47895653
42446061
47334615
42444866
47333635
48018800
47331495
47670242
43649459
43896330
47331127
42898094
47331361
44796517
42444499
42898802
43828441
45261672
47429717
48458202
42446154
43649802
47331343
48018396
42898070
43649686
47115135
47331421
47332698
47895891
47115422
42898500
47895611
47331518
47895196
44358105
42898132
48458211
47332075
47331292
42444692
43896223
47334649
48018079
47333138
47115198
43828571
47331133
47333810
47332415
42444858
45261251
47115361
42898447
42445970
42446598
47430092
47430056
47333997
47115517
47204585
45261544
47334514
47332195
47670350
47669917
44796235
45662890
42897755
42897776
44796684
43649772
47331177
42899198
42899445
47331928
43896055
47331388
45663368
44796319
42445428
45663404
44796594
45261565
42445602
47429841
47430449
47895864
42898332
47334525
42446488
47895306
47204741
45261153
47670023
44358230
47430962
48458511
42445834
47331201
48458713
48018915
47430065
42899161
43828230
43895956
47333329
42898345
47430100
47334184
45261263
47430189
45261288
44358263
47115194
42445040
42899598
47430565
44358162
42444928
47115129
45261317
47670179
47331239
47115648
47430107
42444923
47115238
42898156
47333000
44796189
45260951
42899650
47670232
42447202
42445707
47895661
47204840
47895325
42444748
45261378
47332081
47332980
42445894
47333836
47115205
42445132
47332591
48458221
47332618
47670073
45662995
47331541
47895245
42898391
43828402
47334171
47334659
47430934
47115222
47430552
47670295
48458637
47334749
42445612
47430805
45261522
45261241
48018932
47430854
42898006
42899452
42898065
42899154
47333862
47331793
48458231
47333774
44796575
44358360
47333647
47334552
47670133
44796485
47332161
44796505
47895506
47895179
47334859
42897849
47669909
47333058
47430518
47332037
42897921
45261219
47333014
43649605
48018404
42899216
42897467
47204519
47430598
48017884
47895298
44358617
47670195
47115161
42899624
47204493
42445691
45662812
47331558
47431081
48458451
47332691
47204813
42897720
47204529
47334781
43828435
48458690
45663248
47430900
47430739
42897815
45261355
47332746
42899935
45663397
47331279
48018317
42446467
48458765
47334130
47115154
42898221
43649633
47331549
47333599
42445862
48018702
44796491
42899774
45261641
47429798
47333801
44796450
47332022
42897631
47331604
42445680
43828162
42897939
47333988
43649586
47430658
47430894
47669901
47331139
44796208
47333521
47333053
47670208
45261722
47332952
45261292
42897452
47333292
42446495
47332287
48458582
44358660
44358117
47333233
48018815
47115255
43649722
47333472
45261096
42445728
47332066
42897732
48018411
45261555
43649787
44358256
43649408
45261651
42899437
42445745
47333945
42445444
47331231
47333482
47430439
48018580
47332774
42446048
47332792
42897873
47332937
47334941
47332519
48018005
48018869
47115334
47895978
43828270
47333188
42897643
42445769
45261329
45662805
43896126
45662833
47330990
44358728
44358418
